Determining if the pthread_create exist failed with the following output:
Change Dir: /home/gal/101/Vik_Wrap/CMakeFiles/CMakeTmp

Run Build Command:"/usr/bin/make" "cmTC_d9e24/fast"
make[1] : on entre dans le répertoire « /home/gal/101/Vik_Wrap/CMakeFiles/CMakeTmp »
/usr/bin/make -f CMakeFiles/cmTC_d9e24.dir/build.make CMakeFiles/cmTC_d9e24.dir/build
make[2] : on entre dans le répertoire « /home/gal/101/Vik_Wrap/CMakeFiles/CMakeTmp »
Building C object CMakeFiles/cmTC_d9e24.dir/CheckSymbolExists.c.o
/usr/bin/cc    -o CMakeFiles/cmTC_d9e24.dir/CheckSymbolExists.c.o   -c /home/gal/101/Vik_Wrap/CMakeFiles/CMakeTmp/CheckSymbolExists.c
Linking C executable cmTC_d9e24
/usr/bin/cmake -E cmake_link_script CMakeFiles/cmTC_d9e24.dir/link.txt --verbose=1
/usr/bin/cc      CMakeFiles/cmTC_d9e24.dir/CheckSymbolExists.c.o  -o cmTC_d9e24 
CMakeFiles/cmTC_d9e24.dir/CheckSymbolExists.c.o : Dans la fonction « main » :
CheckSymbolExists.c:(.text+0x1b) : référence indéfinie vers « pthread_create »
collect2: error: ld returned 1 exit status
CMakeFiles/cmTC_d9e24.dir/build.make:97: recipe for target 'cmTC_d9e24' failed
make[2]: *** [cmTC_d9e24] Error 1
make[2] : on quitte le répertoire « /home/gal/101/Vik_Wrap/CMakeFiles/CMakeTmp »
Makefile:126: recipe for target 'cmTC_d9e24/fast' failed
make[1]: *** [cmTC_d9e24/fast] Error 2
make[1] : on quitte le répertoire « /home/gal/101/Vik_Wrap/CMakeFiles/CMakeTmp »

File /home/gal/101/Vik_Wrap/CMakeFiles/CMakeTmp/CheckSymbolExists.c:
/* */
#include <pthread.h>

int main(int argc, char** argv)
{
  (void)argv;
#ifndef pthread_create
  return ((int*)(&pthread_create))[argc];
#else
  (void)argc;
  return 0;
#endif
}

Determining if the function pthread_create exists in the pthreads failed with the following output:
Change Dir: /home/gal/101/Vik_Wrap/CMakeFiles/CMakeTmp

Run Build Command:"/usr/bin/make" "cmTC_d9338/fast"
make[1] : on entre dans le répertoire « /home/gal/101/Vik_Wrap/CMakeFiles/CMakeTmp »
/usr/bin/make -f CMakeFiles/cmTC_d9338.dir/build.make CMakeFiles/cmTC_d9338.dir/build
make[2] : on entre dans le répertoire « /home/gal/101/Vik_Wrap/CMakeFiles/CMakeTmp »
Building C object CMakeFiles/cmTC_d9338.dir/CheckFunctionExists.c.o
/usr/bin/cc   -DCHECK_FUNCTION_EXISTS=pthread_create   -o CMakeFiles/cmTC_d9338.dir/CheckFunctionExists.c.o   -c /usr/share/cmake-3.10/Modules/CheckFunctionExists.c
Linking C executable cmTC_d9338
/usr/bin/cmake -E cmake_link_script CMakeFiles/cmTC_d9338.dir/link.txt --verbose=1
/usr/bin/cc  -DCHECK_FUNCTION_EXISTS=pthread_create    CMakeFiles/cmTC_d9338.dir/CheckFunctionExists.c.o  -o cmTC_d9338 -lpthreads 
/usr/bin/ld : ne peut trouver -lpthreads
collect2: error: ld returned 1 exit status
CMakeFiles/cmTC_d9338.dir/build.make:97: recipe for target 'cmTC_d9338' failed
make[2]: *** [cmTC_d9338] Error 1
make[2] : on quitte le répertoire « /home/gal/101/Vik_Wrap/CMakeFiles/CMakeTmp »
Makefile:126: recipe for target 'cmTC_d9338/fast' failed
make[1]: *** [cmTC_d9338/fast] Error 2
make[1] : on quitte le répertoire « /home/gal/101/Vik_Wrap/CMakeFiles/CMakeTmp »


