Determining if the pthread_create exist failed with the following output:
Change Dir: /home/gal/101/Vik_Wrap/build/CMakeFiles/CMakeTmp

Run Build Command:"/usr/bin/make" "cmTC_ae6b9/fast"
/usr/bin/make -f CMakeFiles/cmTC_ae6b9.dir/build.make CMakeFiles/cmTC_ae6b9.dir/build
make[1] : on entre dans le répertoire « /home/gal/101/Vik_Wrap/build/CMakeFiles/CMakeTmp »
Building C object CMakeFiles/cmTC_ae6b9.dir/CheckSymbolExists.c.o
/usr/bin/gcc-7    -o CMakeFiles/cmTC_ae6b9.dir/CheckSymbolExists.c.o   -c /home/gal/101/Vik_Wrap/build/CMakeFiles/CMakeTmp/CheckSymbolExists.c
Linking C executable cmTC_ae6b9
/usr/bin/cmake -E cmake_link_script CMakeFiles/cmTC_ae6b9.dir/link.txt --verbose=1
/usr/bin/gcc-7      CMakeFiles/cmTC_ae6b9.dir/CheckSymbolExists.c.o  -o cmTC_ae6b9 
CMakeFiles/cmTC_ae6b9.dir/CheckSymbolExists.c.o : Dans la fonction « main » :
CheckSymbolExists.c:(.text+0x1b) : référence indéfinie vers « pthread_create »
collect2: error: ld returned 1 exit status
CMakeFiles/cmTC_ae6b9.dir/build.make:97: recipe for target 'cmTC_ae6b9' failed
make[1]: *** [cmTC_ae6b9] Error 1
make[1] : on quitte le répertoire « /home/gal/101/Vik_Wrap/build/CMakeFiles/CMakeTmp »
Makefile:126: recipe for target 'cmTC_ae6b9/fast' failed
make: *** [cmTC_ae6b9/fast] Error 2

File /home/gal/101/Vik_Wrap/build/CMakeFiles/CMakeTmp/CheckSymbolExists.c:
/* */
#include <pthread.h>

int main(int argc, char** argv)
{
  (void)argv;
#ifndef pthread_create
  return ((int*)(&pthread_create))[argc];
#else
  (void)argc;
  return 0;
#endif
}

Determining if the function pthread_create exists in the pthreads failed with the following output:
Change Dir: /home/gal/101/Vik_Wrap/build/CMakeFiles/CMakeTmp

Run Build Command:"/usr/bin/make" "cmTC_1411b/fast"
/usr/bin/make -f CMakeFiles/cmTC_1411b.dir/build.make CMakeFiles/cmTC_1411b.dir/build
make[1] : on entre dans le répertoire « /home/gal/101/Vik_Wrap/build/CMakeFiles/CMakeTmp »
Building C object CMakeFiles/cmTC_1411b.dir/CheckFunctionExists.c.o
/usr/bin/gcc-7   -DCHECK_FUNCTION_EXISTS=pthread_create   -o CMakeFiles/cmTC_1411b.dir/CheckFunctionExists.c.o   -c /usr/share/cmake-3.10/Modules/CheckFunctionExists.c
Linking C executable cmTC_1411b
/usr/bin/cmake -E cmake_link_script CMakeFiles/cmTC_1411b.dir/link.txt --verbose=1
/usr/bin/gcc-7  -DCHECK_FUNCTION_EXISTS=pthread_create    CMakeFiles/cmTC_1411b.dir/CheckFunctionExists.c.o  -o cmTC_1411b -lpthreads 
/usr/bin/ld : ne peut trouver -lpthreads
collect2: error: ld returned 1 exit status
CMakeFiles/cmTC_1411b.dir/build.make:97: recipe for target 'cmTC_1411b' failed
make[1]: *** [cmTC_1411b] Error 1
make[1] : on quitte le répertoire « /home/gal/101/Vik_Wrap/build/CMakeFiles/CMakeTmp »
Makefile:126: recipe for target 'cmTC_1411b/fast' failed
make: *** [cmTC_1411b/fast] Error 2


